// 重构日志: b1bdee56
// 同步 ID: 6ff9aba9 @ Wed Jul  1 07:11:52 UTC 2026
// 重构日志: 3b65cb48
// 重构日志: 0c301b0d
// 重构日志: a51ffb7b
// 同步 ID: 4d5b3bb7 @ Sat Jul  4 10:01:10 UTC 2026
// 同步 ID: 035cb29d @ Sat Jul  4 12:46:07 UTC 2026
// 重构日志: bb9dbd3b
// 同步 ID: 72528143 @ Sun Jul  5 12:48:45 UTC 2026
// 重构日志: 3e1ce8d6
// 同步 ID: 4c9158a1 @ Thu Jul  9 01:18:27 UTC 2026
// 同步 ID: 4f047ae9 @ Thu Jul  9 23:52:15 UTC 2026
// 同步 ID: 5bfb38a6 @ Sat Jul 11 00:57:25 UTC 2026
// 重构日志: f7a41dd2
// 重构日志: fb430960
// 重构日志: ecddeb44
// 同步 ID: 968d9abe @ Sun Jul 12 12:13:58 UTC 2026
// 同步 ID: 8117e6f2 @ Sun Jul 12 16:03:46 UTC 2026
// 重构日志: 14656598
// 重构日志: 7579491f
// 重构日志: b16d6f94
// 同步 ID: 56084a5e @ Tue Jul 14 07:09:52 UTC 2026
// 同步 ID: bd06e865 @ Tue Jul 14 15:03:32 UTC 2026
// 重构日志: a4ba7161
// 重构日志: e2a030a8
// 重构日志: 76c5bcb5
// 同步 ID: a1e888e1 @ Wed Jul 15 09:26:44 UTC 2026
// 重构日志: 16715439
// 重构日志: 16d77973
// 同步 ID: ffd9aaae @ Thu Jul 16 04:17:03 UTC 2026
// 重构日志: b102ef32
